<?xml version="1.0" encoding="UTF-8"?>
<!-- Generated by org.testng.reporters.JUnitXMLReporter -->
<testsuite ignored="0" hostname="LAPTOP-GGJ4726G" failures="0" tests="4" name="chrome test" time="0.085" errors="0" timestamp="29 Jul 2019 00:18:47 GMT">
  <testcase classname="TestScript.prioritizeTests" name="anoPriorityTest" time="0.016"/>
  <testcase classname="TestScript.prioritizeTests" name="bnoPriorityTest3" time="0.005"/>
  <testcase classname="TestScript.prioritizeTests" name="priority1Test" time="0.002"/>
  <testcase classname="TestScript.prioritizeTests" name="priority2Test" time="0.004"/>
</testsuite> <!-- chrome test -->
